<?xml version="1.0" encoding="UTF-8" ?>
<testsuite errors="0" skipped="0" tests="36" time="0.778" failures="0" name="TestSuite">
  <properties>
[...]
</properties>
  <testcase classname="com.isolace.sudoku.puzzle.data.test.PuzzleFileUtilTest" time="0.319" name="testWriteClasses"/>
  <testcase classname="com.isolace.sudoku.puzzle.data.test.PuzzleFileUtilTest" time="0.094" name="testReadPuzzlesFromFiles"/>
  <testcase classname="com.isolace.sudoku.puzzle.test.PuzzleUtilTest" time="0.097" name="testValidateSolutionNullProblem"/>
  <testcase classname="com.isolace.sudoku.puzzle.test.PuzzleUtilTest" time="0.002" name="testInCol0"/>
  <testcase classname="com.isolace.sudoku.puzzle.test.PuzzleUtilTest" time="0" name="testMatrixFromStringNullPuzzle"/>
  <testcase classname="com.isolace.sudoku.puzzle.test.PuzzleUtilTest" time="0" name="testNotInCol0"/>
  <testcase classname="com.isolace.sudoku.puzzle.test.PuzzleUtilTest" time="0" name="testNotInGrid4"/>
  <testcase classname="com.isolace.sudoku.puzzle.test.PuzzleUtilTest" time="0" name="testInCol8"/>
  <testcase classname="com.isolace.sudoku.puzzle.test.PuzzleUtilTest" time="0" name="testValidGuess9"/>
  <testcase classname="com.isolace.sudoku.puzzle.test.PuzzleUtilTest" time="0" name="testInRow0"/>
  <testcase classname="com.isolace.sudoku.puzzle.test.PuzzleUtilTest" time="0.001" name="testValidateSolution"/>
  <testcase classname="com.isolace.sudoku.puzzle.test.PuzzleUtilTest" time="0" name="testValidateSolutionNullSolution"/>
  <testcase classname="com.isolace.sudoku.puzzle.test.PuzzleUtilTest" time="0" name="testSolutionMatrixFromString"/>
  <testcase classname="com.isolace.sudoku.puzzle.test.PuzzleUtilTest" time="0" name="testInGrid0"/>
  <testcase classname="com.isolace.sudoku.puzzle.test.PuzzleUtilTest" time="0" name="testNotInRow4"/>
  <testcase classname="com.isolace.sudoku.puzzle.test.PuzzleUtilTest" time="0.001" name="testNotInRow8"/>
  <testcase classname="com.isolace.sudoku.puzzle.test.PuzzleUtilTest" time="0" name="testValidateSolutionMatrix"/>
  <testcase classname="com.isolace.sudoku.puzzle.test.PuzzleUtilTest" time="0" name="testInGrid8"/>
  <testcase classname="com.isolace.sudoku.puzzle.test.PuzzleUtilTest" time="0" name="testMatrixFromStringLengthException"/>
  <testcase classname="com.isolace.sudoku.puzzle.test.PuzzleUtilTest" time="0" name="testSolutionMatrixToString"/>
  <testcase classname="com.isolace.sudoku.puzzle.test.PuzzleUtilTest" time="0" name="testValidGuess62"/>
  <testcase classname="com.isolace.sudoku.puzzle.test.PuzzleUtilTest" time="0" name="testNotInCol8"/>
  <testcase classname="com.isolace.sudoku.puzzle.test.PuzzleUtilTest" time="0" name="testNotInRow0"/>
  <testcase classname="com.isolace.sudoku.puzzle.test.PuzzleUtilTest" time="0" name="testInCol4"/>
  <testcase classname="com.isolace.sudoku.puzzle.test.PuzzleUtilTest" time="0" name="testInGrid4"/>
  <testcase classname="com.isolace.sudoku.puzzle.test.PuzzleUtilTest" time="0" name="testValidateNullSolutionMatrix"/>
  <testcase classname="com.isolace.sudoku.puzzle.test.PuzzleUtilTest" time="0" name="testNotValidGuess62"/>
  <testcase classname="com.isolace.sudoku.puzzle.test.PuzzleUtilTest" time="0" name="testValidGuess42"/>
  <testcase classname="com.isolace.sudoku.puzzle.test.PuzzleUtilTest" time="0" name="testNotValidGuess9"/>
  <testcase classname="com.isolace.sudoku.puzzle.test.PuzzleUtilTest" time="0" name="testNotInGrid8"/>
  <testcase classname="com.isolace.sudoku.puzzle.test.PuzzleUtilTest" time="0" name="testInRow4"/>
  <testcase classname="com.isolace.sudoku.puzzle.test.PuzzleUtilTest" time="0" name="testNotInGrid0"/>
  <testcase classname="com.isolace.sudoku.puzzle.test.PuzzleUtilTest" time="0" name="testNotValidGuess40"/>
  <testcase classname="com.isolace.sudoku.puzzle.test.PuzzleUtilTest" time="0" name="testNotInCol4"/>
  <testcase classname="com.isolace.sudoku.puzzle.test.PuzzleUtilTest" time="0" name="testValidatePuzzleNonUnique"/>
  <testcase classname="com.isolace.sudoku.puzzle.test.PuzzleUtilTest" time="0" name="testInRow8"/>
</testsuite>