<testng-results>
  <reporter-output>
  </reporter-output>
  <suite name="isolace-sudoku-server">
    <groups>
    </groups>
    <test name="com.isolace.sudoku.server.test.PuzzleDaoTest">
      <class name="com.isolace.sudoku.server.test.PuzzleDaoTest">
        <test-method status="PASS" signature="testGetNumPuzzles()" name="testGetNumPuzzles" duration-ms="162" started-at="2009-09-07T00:03:49Z" finished-at="2009-09-07T00:03:49Z">
        </test-method>
        <test-method status="PASS" signature="setUp()" name="setUp" is-config="true" duration-ms="6" started-at="2009-09-07T00:03:48Z" finished-at="2009-09-07T00:03:48Z">
        </test-method>
        <test-method status="PASS" signature="setUp()" name="setUp" is-config="true" duration-ms="0" started-at="2009-09-07T00:03:49Z" finished-at="2009-09-07T00:03:49Z">
        </test-method>
        <test-method status="PASS" signature="testValidPuzzleDao()" name="testValidPuzzleDao" duration-ms="990" started-at="2009-09-07T00:03:48Z" finished-at="2009-09-07T00:03:49Z">
        </test-method>
      </class>
    </test>
  </suite>
</testng-results>
