<testng-results>
  <reporter-output>
  </reporter-output>
  <suite name="sudoku-server by packages">
    <groups>
    </groups>
    <test name="com.isolace.sudoku.server.test">
      <class name="com.isolace.sudoku.server.test.PuzzleTest">
        <test-method status="PASS" signature="testJSON()" name="testJSON" duration-ms="293" started-at="2009-08-23T13:45:16Z" finished-at="2009-08-23T13:45:17Z">
        </test-method>
        <test-method status="PASS" signature="setUp()" name="setUp" is-config="true" duration-ms="0" started-at="2009-08-23T13:45:16Z" finished-at="2009-08-23T13:45:16Z">
        </test-method>
      </class>
      <class name="com.isolace.sudoku.server.test.PuzzleDaoTest">
        <test-method status="PASS" signature="setUp()" name="setUp" is-config="true" duration-ms="8" started-at="2009-08-23T13:45:16Z" finished-at="2009-08-23T13:45:16Z">
        </test-method>
        <test-method status="PASS" signature="testPuzzleDao()" name="testPuzzleDao" duration-ms="5" started-at="2009-08-23T13:45:16Z" finished-at="2009-08-23T13:45:16Z">
        </test-method>
      </class>
      <class name="com.isolace.sudoku.server.test.PuzzleGenerationTest">
        <test-method status="PASS" signature="testValidGridCandidateFail()" name="testValidGridCandidateFail" duration-ms="1" started-at="2009-08-23T13:45:16Z" finished-at="2009-08-23T13:45:16Z">
        </test-method>
        <test-method status="PASS" signature="testInvalidPuzzle()" name="testInvalidPuzzle" duration-ms="8" started-at="2009-08-23T13:45:16Z" finished-at="2009-08-23T13:45:16Z">
        </test-method>
        <test-method status="PASS" signature="testValidPuzzle()" name="testValidPuzzle" duration-ms="13" started-at="2009-08-23T13:45:16Z" finished-at="2009-08-23T13:45:16Z">
        </test-method>
        <test-method status="PASS" signature="testValidGridCandidate()" name="testValidGridCandidate" duration-ms="1" started-at="2009-08-23T13:45:16Z" finished-at="2009-08-23T13:45:16Z">
        </test-method>
      </class>
    </test>
  </suite>
</testng-results>
