<?xml version="1.0" encoding="UTF-8" ?>
<testsuite failures="0" time="4.505" errors="0" skipped="0" tests="9" name="TestSuite">
  <properties>
[...]
</properties>
  <testcase time="3.465" classname="com.isolace.sudoku.server.test.PuzzleDaoTest" name="testValidPuzzleDao"/>
  <testcase time="0.124" classname="com.isolace.sudoku.server.test.PuzzleDaoTest" name="testGetNumPuzzles"/>
  <testcase time="0" classname="com.isolace.sudoku.server.test.PuzzleGenerationTest" name="testValidPuzzle"/>
  <testcase time="0" classname="com.isolace.sudoku.server.test.PuzzleGenerationTest" name="testInvalidPuzzle"/>
  <testcase time="0.001" classname="com.isolace.sudoku.server.test.PuzzleGenerationTest" name="testValidGridCandidate"/>
  <testcase time="0.001" classname="com.isolace.sudoku.server.test.PuzzleGenerationTest" name="testValidGridCandidateFail"/>
  <testcase time="0.008" classname="com.isolace.sudoku.server.test.PuzzleMaskGenerationTest" name="testValidPuzzleDao"/>
  <testcase time="0.034" classname="com.isolace.sudoku.server.test.PuzzleSolverTest" name="testSolver"/>
  <testcase time="0.036" classname="com.isolace.sudoku.server.test.PuzzleTest" name="testJSON"/>
</testsuite>