<testng-results>
  <reporter-output>
  </reporter-output>
  <suite name="Failed suite [Failed suite [Failed suite [isolace-sudoku-web]]]">
    <groups>
    </groups>
    <test name="com.isolace.sudoku.server.test.PuzzleGenerationTest(failed)(failed)(failed)">
      <class name="com.isolace.sudoku.server.test.PuzzleGenerationTest">
        <test-method status="PASS" signature="testGerneratedPuzzles()" name="testGerneratedPuzzles" duration-ms="384" started-at="2009-08-23T01:22:18Z" finished-at="2009-08-23T01:22:19Z">
        </test-method>
      </class>
    </test>
  </suite>
</testng-results>
