<?xml version="1.0" encoding="UTF-8"?>
<testsuite name="com.isolace.sudoku.server.test.PuzzleGenerationTest(failed)(failed)" failures="1" tests="1" time="0.197" errors="0">
  <properties/>
  <testcase name="testGerneratedPuzzles" time="0.147" classname="com.isolace.sudoku.server.test.PuzzleGenerationTest">
    <failure type="java.lang.IllegalArgumentException" message="Unable to compute grid from index 64.">
      <![CDATA[java.lang.IllegalArgumentException: Unable to compute grid from index 64.
	at com.isolace.sudoku.server.PuzzleGeneration.gridFromIndex(PuzzleGeneration.java:40)
	at com.isolace.sudoku.server.PuzzleGeneration.validPuzzle(PuzzleGeneration.java:117)
	at com.isolace.sudoku.server.test.PuzzleGenerationTest.testGerneratedPuzzles(PuzzleGenerationTest.java:16)
... Removed 22 stack frames]]>
    </failure>
  </testcase>
</testsuite>
